<?xml version="1.0" encoding="UTF-8"?>
<!-- Generated by org.testng.reporters.JUnitReportReporter -->
<testsuite hostname="LAPTOP-B44045F1" failures="0" tests="1" name="com.erp.practice.Practice" time="2.620" errors="0" timestamp="2024-06-01T15:34:20 IST" skipped="0">
  <testcase classname="com.erp.practice.Practice" name="launchBrowser" time="2.620"/>
  <system-out/>
</testsuite> <!-- com.erp.practice.Practice -->
