<?xml version="1.0" encoding="UTF-8"?>
<!-- Generated by org.testng.reporters.JUnitReportReporter -->
<testsuite hostname="LAPTOP-B44045F1" failures="0" tests="6" name="com.sinoka.groupmodule.create_Group_Module" time="34.301" errors="0" timestamp="2024-06-04T11:28:16 IST" skipped="0">
  <testcase classname="com.sinoka.groupmodule.create_Group_Module" name="DeleteGroupTest" time="4.415"/>
  <testcase classname="com.sinoka.groupmodule.create_Group_Module" name="DeleteGroupTest" time="4.547"/>
  <testcase classname="com.sinoka.groupmodule.create_Group_Module" name="assignGroupPermissionTest" time="7.636"/>
  <testcase classname="com.sinoka.groupmodule.create_Group_Module" name="createGroupTest" time="2.651"/>
  <testcase classname="com.sinoka.groupmodule.create_Group_Module" name="assignGroupPermissionTest" time="7.915"/>
  <testcase classname="com.sinoka.groupmodule.create_Group_Module" name="createGroupTest" time="7.137"/>
</testsuite> <!-- com.sinoka.groupmodule.create_Group_Module -->
